<?xml version="1.0" encoding="UTF-8"?>
<testsuite name="| 1 | 404 |" tests="4" skipped="0" failures="0" errors="0" timestamp="2021-03-22T13:30:40" hostname="LAPTOP-22H5DBG7" time="0.837">
  <properties/>
  <testcase name="Given Rest API is up and running" classname="| 1 | 404 |" time="0.0"/>
  <testcase name="When I submit a error request to Get a single employee data &quot;1&quot;" classname="| 1 | 404 |" time="0.0"/>
  <testcase name="Then validate &quot;404&quot;" classname="| 1 | 404 |" time="0.0"/>
  <testcase name="classMethod" classname="| 1 | 404 |" time="0.859"/>
  <system-out><![CDATA[]]></system-out>
  <system-err><![CDATA[]]></system-err>
</testsuite>
