<?xml version="1.0" encoding="UTF-8"?>
<testsuite name="| 100 | 200 |" tests="4" skipped="0" failures="0" errors="0" timestamp="2021-03-22T13:30:37" hostname="LAPTOP-22H5DBG7" time="3.021">
  <properties/>
  <testcase name="Given Rest API is up and running" classname="| 100 | 200 |" time="0.001"/>
  <testcase name="When I submit a request to Get a single employee data &quot;100&quot;" classname="| 100 | 200 |" time="0.0"/>
  <testcase name="Then validate &quot;200&quot;" classname="| 100 | 200 |" time="0.0"/>
  <testcase name="classMethod" classname="| 100 | 200 |" time="3.519"/>
  <system-out><![CDATA[]]></system-out>
  <system-err><![CDATA[]]></system-err>
</testsuite>
