<?xml version="1.0" encoding="UTF-8"?>
<testsuite name="| 200 | 719 |" tests="4" skipped="0" failures="0" errors="0" timestamp="2021-03-22T13:30:43" hostname="LAPTOP-22H5DBG7" time="0.71">
  <properties/>
  <testcase name="Given Rest API is up and running" classname="| 200 | 719 |" time="0.0"/>
  <testcase name="When I submit a request to delete a &quot;719&quot;" classname="| 200 | 719 |" time="0.0"/>
  <testcase name="Then validate &quot;200&quot;" classname="| 200 | 719 |" time="0.001"/>
  <testcase name="classMethod" classname="| 200 | 719 |" time="0.713"/>
  <system-out><![CDATA[]]></system-out>
  <system-err><![CDATA[]]></system-err>
</testsuite>
