<?xml version="1.0" encoding="UTF-8"?>
<testsuite name="| 429 | 719 |" tests="4" skipped="0" failures="0" errors="0" timestamp="2021-03-22T13:30:44" hostname="LAPTOP-22H5DBG7" time="3.096">
  <properties/>
  <testcase name="Given Rest API is up and running" classname="| 429 | 719 |" time="0.0"/>
  <testcase name="When I submit a request to delete a &quot;719&quot;" classname="| 429 | 719 |" time="0.0"/>
  <testcase name="Then validate &quot;429&quot;" classname="| 429 | 719 |" time="0.0"/>
  <testcase name="classMethod" classname="| 429 | 719 |" time="3.101"/>
  <system-out><![CDATA[]]></system-out>
  <system-err><![CDATA[]]></system-err>
</testsuite>
