<?xml version="1.0" encoding="UTF-8"?>
<testsuite name="com.bdd.smoke.test.CucumberTest" tests="0" skipped="0" failures="0" errors="0" timestamp="1970-01-01T00:00:00" hostname="LAPTOP-22H5DBG7" time="0.0">
  <properties/>
  <system-out><![CDATA[Feature: Dummy Rest API - Smoke Tests

  @SmokeTest @Get1User @Success
  Scenario Outline: Success Scenario - Integration Test for GET End point     ?[90m# UserAPI.feature:7?[0m
    ?[36mGiven ?[0m?[36mRest API is up and running?[0m
    ?[36mWhen ?[0m?[36mI submit a request to Get a single employee data "<Employee number>"?[0m
    ?[36mThen ?[0m?[36mvalidate "<Response Code>"?[0m

    # And validate response body
    Examples: 
Request method:	GET
Request path:	http://dummy.restapiexample.com/api/v1/employee/100
Proxy:			<none>
Request params:	<none>
Query params:	<none>
Form params:	<none>
Path params:	<none>
Multiparts:		<none>
Headers:		Accept=*/*
Cookies:		<none>
Body:			<none>

  @Get1User @Success @SmokeTest
  Scenario Outline: Success Scenario - Integration Test for GET End point ?[90m# UserAPI.feature:14?[0m
    ?[32mGiven ?[0m?[32mRest API is up and running?[0m                                      ?[90m# StepDefinition.restAPIIsUpAndRunning()?[0m
    ?[32mWhen ?[0m?[32mI submit a request to Get a single employee data "?[0m?[32m?[1m100?[0m?[32m"?[0m           ?[90m# StepDefinition.iSubmitARequestToGetASingleEmployeeData(String)?[0m
    ?[32mThen ?[0m?[32mvalidate "?[0m?[32m?[1m200?[0m?[32m"?[0m                                                   ?[90m# StepDefinition.validate(String)?[0m

  @SmokeTest @Get1User @Error
  Scenario Outline: Error Scenario 404 - Integration Test for GET End point         ?[90m# UserAPI.feature:19?[0m
    ?[36mGiven ?[0m?[36mRest API is up and running?[0m
    ?[36mWhen ?[0m?[36mI submit a error request to Get a single employee data "<Employee number>"?[0m
    ?[36mThen ?[0m?[36mvalidate "<Response Code>"?[0m

    # And validate response body
    Examples: 
Request method:	GET
Request path:	http://dummy.restapiexample.com/api/v1/employee/
Proxy:			<none>
Request params:	<none>
Query params:	<none>
Form params:	<none>
Path params:	<none>
Multiparts:		<none>
Headers:		Accept=*/*
Cookies:		<none>
Body:			<none>

  @Error @Get1User @SmokeTest
  Scenario Outline: Error Scenario 404 - Integration Test for GET End point ?[90m# UserAPI.feature:26?[0m
    ?[32mGiven ?[0m?[32mRest API is up and running?[0m                                        ?[90m# StepDefinition.restAPIIsUpAndRunning()?[0m
    ?[32mWhen ?[0m?[32mI submit a error request to Get a single employee data "?[0m?[32m?[1m1?[0m?[32m"?[0m         ?[90m# StepDefinition.iSubmitAErrorRequestToGetASingleEmployeeData(String)?[0m
    ?[32mThen ?[0m?[32mvalidate "?[0m?[32m?[1m404?[0m?[32m"?[0m                                                     ?[90m# StepDefinition.validate(String)?[0m

  @SmokeTest @Get1User @Error
  Scenario Outline: Error Scenario 400 - Integration Test for GET End point       ?[90m# UserAPI.feature:31?[0m
    ?[36mGiven ?[0m?[36mRest API is up and running?[0m
    ?[36mWhen ?[0m?[36mI submit a bad request to Get a single employee data "<Employee number>"?[0m
    ?[36mThen ?[0m?[36mvalidate "<Response Code>"?[0m

    # And validate response body
    Examples: 
Request method:	GET
Request path:	https://dummy.restapiexample.com/v1/employee/1
Proxy:			<none>
Request params:	<none>
Query params:	<none>
Form params:	<none>
Path params:	<none>
Multiparts:		<none>
Headers:		Accept=*/*
Cookies:		<none>
Body:			<none>

  @Error @Get1User @SmokeTest
  Scenario Outline: Error Scenario 400 - Integration Test for GET End point ?[90m# UserAPI.feature:38?[0m
    ?[32mGiven ?[0m?[32mRest API is up and running?[0m                                        ?[90m# StepDefinition.restAPIIsUpAndRunning()?[0m
    ?[32mWhen ?[0m?[32mI submit a bad request to Get a single employee data "?[0m?[32m?[1m1?[0m?[32m"?[0m           ?[90m# StepDefinition.iSubmitABadRequestToGetASingleEmployeeData(String)?[0m
    ?[31mThen ?[0m?[31mvalidate "?[0m?[31m?[1m429?[0m?[31m"?[0m                                                     ?[90m# StepDefinition.validate(String)?[0m
      ?[31morg.junit.ComparisonFailure: expected:<4[29]> but was:<4[04]>
      	at org.junit.Assert.assertEquals(Assert.java:115)
      	at org.junit.Assert.assertEquals(Assert.java:144)
      	at com.bdd.smoke.test.steps.StepDefinition.validate(StepDefinition.java:76)
      	at ?.Then validate "429"(UserAPI.feature:34)
      ?[0m

  @SmokeTest @Delete @Success
  Scenario Outline: Success Scenario - Integration Test for DELETE End point ?[90m# UserAPI.feature:43?[0m
    ?[36mGiven ?[0m?[36mRest API is up and running?[0m
    ?[36mWhen ?[0m?[36mI submit a request to delete a "<user>"?[0m
    ?[36mThen ?[0m?[36mvalidate "<Response Code>"?[0m

    Examples: 
Request method:	DELETE
Request path:	http://dummy.restapiexample.com/api/v1/delete/719
Proxy:			<none>
Request params:	<none>
Query params:	<none>
Form params:	<none>
Path params:	<none>
Multiparts:		<none>
Headers:		Accept=application/json
				Content-Type=application/json; charset=UTF-8
Cookies:		<none>
Body:			<none>

  @Delete @Success @SmokeTest
  Scenario Outline: Success Scenario - Integration Test for DELETE End point ?[90m# UserAPI.feature:49?[0m
    ?[32mGiven ?[0m?[32mRest API is up and running?[0m                                         ?[90m# StepDefinition.restAPIIsUpAndRunning()?[0m
    ?[32mWhen ?[0m?[32mI submit a request to delete a "?[0m?[32m?[1m719?[0m?[32m"?[0m                                ?[90m# StepDefinition.iSubmitARequestToDeleteA(String)?[0m
    ?[32mThen ?[0m?[32mvalidate "?[0m?[32m?[1m200?[0m?[32m"?[0m                                                      ?[90m# StepDefinition.validate(String)?[0m

  @SmokeTest @delete @Error
  Scenario Outline: Error Scenario - Integration Test for DELETE End point ?[90m# UserAPI.feature:54?[0m
    ?[36mGiven ?[0m?[36mRest API is up and running?[0m
    ?[36mWhen ?[0m?[36mI submit a request to delete a "<user>"?[0m
    ?[36mThen ?[0m?[36mvalidate "<Response Code>"?[0m

    Examples: 
Request method:	DELETE
Request path:	http://dummy.restapiexample.com/api/v1/delete/719
Proxy:			<none>
Request params:	<none>
Query params:	<none>
Form params:	<none>
Path params:	<none>
Multiparts:		<none>
Headers:		Accept=application/json
				Content-Type=application/json; charset=UTF-8
Cookies:		<none>
Body:			<none>

  @Error @SmokeTest @delete
  Scenario Outline: Error Scenario - Integration Test for DELETE End point ?[90m# UserAPI.feature:60?[0m
    ?[32mGiven ?[0m?[32mRest API is up and running?[0m                                       ?[90m# StepDefinition.restAPIIsUpAndRunning()?[0m
    ?[32mWhen ?[0m?[32mI submit a request to delete a "?[0m?[32m?[1m719?[0m?[32m"?[0m                              ?[90m# StepDefinition.iSubmitARequestToDeleteA(String)?[0m
    ?[32mThen ?[0m?[32mvalidate "?[0m?[32m?[1m429?[0m?[32m"?[0m                                                    ?[90m# StepDefinition.validate(String)?[0m

  @SmokeTest @GetAllUser @Success
  Scenario Outline: Success Scenario - Integration Test for GET End point ?[90m# UserAPI.feature:65?[0m
    ?[36mGiven ?[0m?[36mRest API is up and running?[0m
    ?[36mWhen ?[0m?[36mI submit a request to Get all employee data endpoint?[0m
    ?[36mThen ?[0m?[36mvalidate "<Response Code>"?[0m

    # And validate response body
    Examples: 
Request method:	GET
Request path:	http://dummy.restapiexample.com/api/v1/employees
Proxy:			<none>
Request params:	<none>
Query params:	<none>
Form params:	<none>
Path params:	<none>
Multiparts:		<none>
Headers:		Accept=application/json
				Content-Type=application/json; charset=UTF-8
Cookies:		<none>
Body:			<none>

  @Success @GetAllUser @SmokeTest
  Scenario Outline: Success Scenario - Integration Test for GET End point ?[90m# UserAPI.feature:72?[0m
    ?[32mGiven ?[0m?[32mRest API is up and running?[0m                                      ?[90m# StepDefinition.restAPIIsUpAndRunning()?[0m
    ?[32mWhen ?[0m?[32mI submit a request to Get all employee data endpoint?[0m             ?[90m# StepDefinition.iSubmitARequestToGetAllEmployeeDataEndpoint()?[0m
    ?[31mThen ?[0m?[31mvalidate "?[0m?[31m?[1m200?[0m?[31m"?[0m                                                   ?[90m# StepDefinition.validate(String)?[0m
      ?[31morg.junit.ComparisonFailure: expected:<[200]> but was:<[429]>
      	at org.junit.Assert.assertEquals(Assert.java:115)
      	at org.junit.Assert.assertEquals(Assert.java:144)
      	at com.bdd.smoke.test.steps.StepDefinition.validate(StepDefinition.java:76)
      	at ?.Then validate "200"(UserAPI.feature:68)
      ?[0m

  @SmokeTest @GetAllUser @Error
  Scenario Outline: Error Scenario 429 - Integration Test for GET End point ?[90m# UserAPI.feature:77?[0m
    ?[36mGiven ?[0m?[36mRest API is up and running?[0m
    ?[36mWhen ?[0m?[36mI submit a error request to Get all employee data endpoint?[0m
    ?[36mThen ?[0m?[36mvalidate "<Response Code>"?[0m

    Examples: 
Request method:	GET
Request path:	http://dummy.restapiexample.com/api/v1/employees
Proxy:			<none>
Request params:	<none>
Query params:	<none>
Form params:	<none>
Path params:	<none>
Multiparts:		<none>
Headers:		Accept=application/json
				Content-Type=application/json; charset=UTF-8
Cookies:		<none>
Body:			<none>

  @Error @GetAllUser @SmokeTest
  Scenario Outline: Error Scenario 429 - Integration Test for GET End point ?[90m# UserAPI.feature:83?[0m
    ?[32mGiven ?[0m?[32mRest API is up and running?[0m                                        ?[90m# StepDefinition.restAPIIsUpAndRunning()?[0m
    ?[32mWhen ?[0m?[32mI submit a error request to Get all employee data endpoint?[0m         ?[90m# StepDefinition.iSubmitAErrorRequestToGetAllEmployeeDataEndpoint()?[0m
    ?[32mThen ?[0m?[32mvalidate "?[0m?[32m?[1m429?[0m?[32m"?[0m                                                     ?[90m# StepDefinition.validate(String)?[0m

?[31mFailed scenarios:?[0m
?[31mUserAPI.feature:38 ?[0m# Scenario Outline: Error Scenario 400 - Integration Test for GET End point
?[31mUserAPI.feature:72 ?[0m# Scenario Outline: Success Scenario - Integration Test for GET End point

7 Scenarios (?[31m2 failed?[0m, ?[32m5 passed?[0m)
21 Steps (?[31m2 failed?[0m, ?[32m19 passed?[0m)
0m14.503s

org.junit.ComparisonFailure: expected:<4[29]> but was:<4[04]>
	at org.junit.Assert.assertEquals(Assert.java:115)
	at org.junit.Assert.assertEquals(Assert.java:144)
	at com.bdd.smoke.test.steps.StepDefinition.validate(StepDefinition.java:76)
	at ?.Then validate "429"(UserAPI.feature:34)

org.junit.ComparisonFailure: expected:<[200]> but was:<[429]>
	at org.junit.Assert.assertEquals(Assert.java:115)
	at org.junit.Assert.assertEquals(Assert.java:144)
	at com.bdd.smoke.test.steps.StepDefinition.validate(StepDefinition.java:76)
	at ?.Then validate "200"(UserAPI.feature:68)

]]></system-out>
  <system-err><![CDATA[]]></system-err>
</testsuite>
