<?xml version="1.0" encoding="UTF-8"?>
<testsuite name="| 429 |" tests="4" skipped="0" failures="0" errors="0" timestamp="2021-03-22T13:30:48" hostname="LAPTOP-22H5DBG7" time="3.187">
  <properties/>
  <testcase name="Given Rest API is up and running" classname="| 429 |" time="0.0"/>
  <testcase name="When I submit a error request to Get all employee data endpoint" classname="| 429 |" time="0.0"/>
  <testcase name="Then validate &quot;429&quot;" classname="| 429 |" time="0.0"/>
  <testcase name="classMethod" classname="| 429 |" time="3.193"/>
  <system-out><![CDATA[]]></system-out>
  <system-err><![CDATA[]]></system-err>
</testsuite>
